<?xml version="1.0" encoding="UTF-8"?>
<!-- Generated by org.testng.reporters.JUnitReportReporter -->
<testsuite hostname="DESKTOP-5BINFA7" failures="0" tests="3" name="com.app.TestNG.TestAnnotations" time="31.727" errors="0" timestamp="2023-10-05T10:25:24 IST" skipped="0">
  <testcase classname="com.app.TestNG.TestAnnotations" name="GetTitle" time="10.942"/>
  <system-out/>
  <testcase classname="com.app.TestNG.TestAnnotations" name="Login" time="9.074"/>
  <system-out/>
  <testcase classname="com.app.TestNG.TestAnnotations" name="Logout" time="11.711"/>
  <system-out/>
</testsuite> <!-- com.app.TestNG.TestAnnotations -->
