<?xml version="1.0" encoding="UTF-8"?>
<!-- Generated by org.testng.reporters.JUnitReportReporter -->
<testsuite hostname="DESKTOP-5BINFA7" failures="0" tests="1" name="com.app.TestNG.BeforeAfterMethodAnnotation" time="7.955" errors="0" timestamp="2023-10-05T14:46:02 IST" skipped="0">
  <testcase classname="com.app.TestNG.BeforeAfterMethodAnnotation" name="Logout" time="7.955"/>
  <system-out/>
</testsuite> <!-- com.app.TestNG.BeforeAfterMethodAnnotation -->
