<?xml version="1.0" encoding="UTF-8"?>
<!-- Generated by org.testng.reporters.JUnitReportReporter -->
<testsuite hostname="DESKTOP-5BINFA7" failures="0" tests="1" name="com.app.TestNG.TestAnnotation" time="10.501" errors="0" timestamp="2023-10-05T14:46:02 IST" skipped="0">
  <testcase classname="com.app.TestNG.TestAnnotation" name="Login" time="10.501"/>
  <system-out/>
</testsuite> <!-- com.app.TestNG.TestAnnotation -->
