<?xml version="1.0" encoding="UTF-8"?>
<!-- Generated by org.testng.reporters.JUnitReportReporter -->
<testsuite hostname="DESKTOP-5BINFA7" failures="0" tests="4" name="TestNG.ParallelTests" time="65.635" errors="0" timestamp="2023-10-10T18:05:30 IST" skipped="0">
  <testcase classname="TestNG.ParallelTests" name="wikiPage" time="24.879"/>
  <system-out/>
  <testcase classname="TestNG.ParallelTests" name="ninjaPage" time="10.794"/>
  <system-out/>
  <testcase classname="TestNG.ParallelTests" name="ninjaPage2" time="7.785"/>
  <system-out/>
  <testcase classname="TestNG.ParallelTests" name="wikiPage2" time="22.177"/>
  <system-out/>
</testsuite> <!-- TestNG.ParallelTests -->
