<?xml version="1.0" encoding="UTF-8"?>
<!-- Generated by org.testng.reporters.JUnitXMLReporter -->
<testsuite ignored="0" hostname="DESKTOP-5BINFA7" failures="0" tests="0" time="0.053" errors="0" timestamp="2023-10-17T23:00:52 IST">
</testsuite>
