<?xml version="1.0" encoding="UTF-8"?>
<!-- Generated by org.testng.reporters.JUnitReportReporter -->
<testsuite hostname="DESKTOP-5BINFA7" failures="0" tests="2" name="com.redbus.TestPages.TestHomePage" time="72.749" errors="0" timestamp="2023-10-13T00:56:47 IST" skipped="0">
  <testcase classname="com.redbus.TestPages.TestHomePage" name="testTitle" time="31.459"/>
  <system-out/>
  <testcase classname="com.redbus.TestPages.TestHomePage" name="testGetBuses" time="41.290"/>
  <system-out/>
</testsuite> <!-- com.redbus.TestPages.TestHomePage -->
