<?xml version="1.0" encoding="UTF-8"?>
<!-- Generated by org.testng.reporters.JUnitReportReporter -->
<testsuite hostname="DESKTOP-5BINFA7" failures="0" tests="1" name="com.redbus.TestPages.TestAirportTransferPage" time="10.966" errors="0" timestamp="2023-10-12T04:16:42 IST" skipped="0">
  <testcase classname="com.redbus.TestPages.TestAirportTransferPage" name="testEnded" time="10.966"/>
  <system-out/>
</testsuite> <!-- com.redbus.TestPages.TestAirportTransferPage -->
