<?xml version="1.0" encoding="UTF-8"?>
<!-- Generated by org.testng.reporters.JUnitReportReporter -->
<testsuite hostname="DESKTOP-5BINFA7" failures="0" tests="1" name="CourseEnd.Assignment005Demo" time="1.484" errors="0" timestamp="2023-11-11T23:17:37 IST" skipped="0">
  <testcase classname="CourseEnd.Assignment005Demo" name="assignment005FindByStatus" time="1.484"/>
  <system-out/>
</testsuite> <!-- CourseEnd.Assignment005Demo -->
