<?xml version="1.0" encoding="UTF-8"?>
<!-- Generated by org.testng.reporters.JUnitReportReporter -->
<testsuite hostname="DESKTOP-5BINFA7" failures="0" tests="1" name="CourseEnd.Assignment006Demo" time="1.471" errors="0" timestamp="2023-11-11T23:17:37 IST" skipped="0">
  <testcase classname="CourseEnd.Assignment006Demo" name="assignment006Logout" time="1.471"/>
  <system-out/>
</testsuite> <!-- CourseEnd.Assignment006Demo -->
