<?xml version="1.0" encoding="UTF-8"?>
<!-- Generated by org.testng.reporters.JUnitReportReporter -->
<testsuite hostname="DESKTOP-5BINFA7" failures="0" tests="1" name="CourseEnd.Assignment003Demo" time="1.565" errors="0" timestamp="2023-11-11T23:17:37 IST" skipped="0">
  <testcase classname="CourseEnd.Assignment003Demo" name="assignment003User" time="1.565"/>
  <system-out/>
</testsuite> <!-- CourseEnd.Assignment003Demo -->
