<?xml version="1.0" encoding="UTF-8"?>
<!-- Generated by org.testng.reporters.JUnitReportReporter -->
<testsuite hostname="DESKTOP-5BINFA7" failures="0" tests="3" name="CourseEnd.Assignment001Demo" time="14.366" errors="0" timestamp="2023-11-11T23:17:37 IST" skipped="0">
  <testcase classname="CourseEnd.Assignment001Demo" name="assignment001Post" time="10.230"/>
  <system-out/>
  <testcase classname="CourseEnd.Assignment001Demo" name="assignment001Get" time="1.833"/>
  <system-out/>
  <testcase classname="CourseEnd.Assignment001Demo" name="assignment001Delete" time="2.303"/>
  <system-out/>
</testsuite> <!-- CourseEnd.Assignment001Demo -->
