<?xml version="1.0" encoding="UTF-8"?>
<!-- Generated by org.testng.reporters.JUnitReportReporter -->
<testsuite hostname="DESKTOP-5BINFA7" failures="0" tests="2" name="CourseEnd.Assignment002Demo" time="3.113" errors="0" timestamp="2023-11-11T23:17:37 IST" skipped="0">
  <testcase classname="CourseEnd.Assignment002Demo" name="assignment002Post" time="1.696"/>
  <system-out/>
  <testcase classname="CourseEnd.Assignment002Demo" name="assignment002Put" time="1.417"/>
  <system-out/>
</testsuite> <!-- CourseEnd.Assignment002Demo -->
