<?xml version="1.0" encoding="UTF-8"?>
<!-- Generated by org.testng.reporters.JUnitReportReporter -->
<testsuite hostname="DESKTOP-5BINFA7" failures="0" tests="1" name="restAssuredScripts.Script005PayloadXML" time="7.128" errors="0" timestamp="2023-11-08T12:30:38 IST" skipped="0">
  <testcase classname="restAssuredScripts.Script005PayloadXML" name="postUsingXML" time="7.128"/>
  <system-out/>
</testsuite> <!-- restAssuredScripts.Script005PayloadXML -->
