<?xml version="1.0" encoding="UTF-8"?>
<!-- Generated by org.testng.reporters.JUnitReportReporter -->
<testsuite hostname="DESKTOP-5BINFA7" failures="0" tests="1" name="restAssuredScripts.Script0010SSLAuthentication" time="4.643" errors="0" timestamp="2023-11-09T12:09:40 IST" skipped="0">
  <testcase classname="restAssuredScripts.Script0010SSLAuthentication" name="SSL_authentication" time="4.643"/>
  <system-out/>
</testsuite> <!-- restAssuredScripts.Script0010SSLAuthentication -->
