<?xml version="1.0" encoding="UTF-8"?>
<!-- Generated by org.testng.reporters.JUnitReportReporter -->
<testsuite hostname="DESKTOP-5BINFA7" failures="0" tests="2" name="restAssuredScripts.Script001SetUpCheck" time="4.027" errors="0" timestamp="2023-11-08T10:37:40 IST" skipped="1">
  <testcase classname="restAssuredScripts.Script001SetUpCheck" name="GetmethodBDDStyle" time="4.027"/>
  <system-out/>
  <testcase classname="restAssuredScripts.Script001SetUpCheck" name="setUp">
    <skipped/>
  </testcase> <!-- setUp -->
  <system-out/>
</testsuite> <!-- restAssuredScripts.Script001SetUpCheck -->
