<?xml version="1.0" encoding="UTF-8"?>
<!-- Generated by org.testng.reporters.JUnitReportReporter -->
<testsuite hostname="DESKTOP-5BINFA7" failures="0" tests="1" name="restAssuredScripts.Script002GetMethod" time="4.967" errors="0" timestamp="2023-11-08T10:41:51 IST" skipped="0">
  <testcase classname="restAssuredScripts.Script002GetMethod" name="GetmethodBDDStyle" time="4.967"/>
  <system-out/>
</testsuite> <!-- restAssuredScripts.Script002GetMethod -->
