<?xml version="1.0" encoding="UTF-8"?>
<!-- Generated by org.testng.reporters.JUnitReportReporter -->
<testsuite hostname="DESKTOP-5BINFA7" failures="0" tests="3" name="restAssuredScripts.Script007HamcrestValidateMethod" time="8.909" errors="0" timestamp="2023-11-09T10:32:47 IST" skipped="0">
  <testcase classname="restAssuredScripts.Script007HamcrestValidateMethod" name="validateResponseBody" time="5.727"/>
  <system-out/>
  <testcase classname="restAssuredScripts.Script007HamcrestValidateMethod" name="ValidateResponseBody_equalTo" time="1.491"/>
  <system-out/>
  <testcase classname="restAssuredScripts.Script007HamcrestValidateMethod" name="ValidateResponseBody_hasitems" time="1.691"/>
  <system-out/>
</testsuite> <!-- restAssuredScripts.Script007HamcrestValidateMethod -->
