<?xml version="1.0" encoding="UTF-8"?>
<!-- Generated by org.testng.reporters.JUnitReportReporter -->
<testsuite hostname="DESKTOP-5BINFA7" failures="0" tests="1" name="restAssuredScripts.Script003PostMethod" time="6.067" errors="0" timestamp="2023-11-08T10:57:30 IST" skipped="0">
  <testcase classname="restAssuredScripts.Script003PostMethod" name="PostMethod" time="6.067"/>
  <system-out/>
</testsuite> <!-- restAssuredScripts.Script003PostMethod -->
