<?xml version="1.0" encoding="UTF-8"?>
<!-- Generated by org.testng.reporters.JUnitReportReporter -->
<testsuite hostname="DESKTOP-5BINFA7" failures="0" tests="3" name="restAssuredScripts.Script006PostmanAPIKey" time="9.384" errors="0" timestamp="2023-11-09T09:35:25 IST" skipped="0">
  <testcase classname="restAssuredScripts.Script006PostmanAPIKey" name="postmanGetReq01" time="5.048"/>
  <system-out/>
  <testcase classname="restAssuredScripts.Script006PostmanAPIKey" name="postmanGetReq02" time="2.619"/>
  <system-out/>
  <testcase classname="restAssuredScripts.Script006PostmanAPIKey" name="postmanGetReq03" time="1.717"/>
  <system-out/>
</testsuite> <!-- restAssuredScripts.Script006PostmanAPIKey -->
