<?xml version="1.0" encoding="UTF-8"?>
<!-- Generated by org.testng.reporters.JUnitReportReporter -->
<testsuite hostname="DESKTOP-5BINFA7" failures="0" tests="2" name="restAssuredScripts.Script008GitHubBearerToken" time="6.092" errors="0" timestamp="2023-11-09T10:46:21 IST" skipped="0">
  <testcase classname="restAssuredScripts.Script008GitHubBearerToken" name="authorisationBearerTocken" time="5.499"/>
  <system-out/>
  <testcase classname="restAssuredScripts.Script008GitHubBearerToken" name="authorisationBearerTocken_SpecificRepo" time="0.593"/>
  <system-out/>
</testsuite> <!-- restAssuredScripts.Script008GitHubBearerToken -->
