<?xml version="1.0" encoding="UTF-8"?>
<!-- Generated by org.testng.reporters.JUnitReportReporter -->
<testsuite hostname="DESKTOP-5BINFA7" failures="0" tests="4" name="StarHealth.StarHealthPage" time="16.800" errors="0" timestamp="2023-10-26T22:48:59 IST" skipped="0">
  <testcase classname="StarHealth.StarHealthPage" name="Validate_title" time="0.860"/>
  <testcase classname="StarHealth.StarHealthPage" name="Test_Header_plan" time="9.389"/>
  <testcase classname="StarHealth.StarHealthPage" name="validateDataFromExcel" time="2.489"/>
  <testcase classname="StarHealth.StarHealthPage" name="ClickOnTwitter" time="4.062"/>
</testsuite> <!-- StarHealth.StarHealthPage -->
