<?xml version="1.0" encoding="UTF-8"?>
<!-- Generated by org.testng.reporters.JUnitReportReporter -->
<testsuite hostname="DESKTOP-5BINFA7" failures="0" tests="1" name="StarHealth.StarHealthPageLink" time="1.681" errors="0" timestamp="2023-10-26T22:48:59 IST" skipped="0">
  <testcase classname="StarHealth.StarHealthPageLink" name="print_link" time="1.681"/>
</testsuite> <!-- StarHealth.StarHealthPageLink -->
